<?xml version="1.0" encoding="UTF-8"?>
<!-- Generated by org.testng.reporters.JUnitReportReporter -->
<testsuite skipped="0" hostname="LAPTOP-1QPMGO65" name="com.org.learningMaven.Flight" tests="1" failures="0" timestamp="17 May 2019 01:02:13 GMT" time="58.976" errors="0">
  <testcase name="f" time="58.976" classname="com.org.learningMaven.Flight"/>
</testsuite> <!-- com.org.learningMaven.Flight -->
