<?xml version="1.0" encoding="UTF-8"?>
<!-- Generated by org.testng.reporters.JUnitReportReporter -->
<testsuite skipped="0" hostname="LAPTOP-1QPMGO65" name="com.org.learningMaven.Flight1" tests="1" failures="0" timestamp="16 May 2019 23:42:06 GMT" time="0.034" errors="0">
  <testcase name="f" time="0.034" classname="com.org.learningMaven.Flight1"/>
</testsuite> <!-- com.org.learningMaven.Flight1 -->
